==========================================
Gatetorio BLE Server
==========================================
Starting at: Sun 16 Nov 10:40:59 GMT 2025

[Main] Initializing Gatetorio gate controller...
[Main] WARNING: Make sure no other controller instance is running!
[Main] Close the desktop launcher before starting BLE server.

[Main] Step 1: Waiting for hardware initialization...
[Main] Step 2: Creating controller instance...
Traceback (most recent call last):
  File "/home/doowkcol/Gatetorio_Code/ble_server_localgatt.py", line 233, in start_localgatt_server
    cmd_tx_char = CommandTxChar(1, gate_service, ble_server)
  File "/home/doowkcol/Gatetorio_Code/ble_server_localgatt.py", line 36, in __init__
    super().__init__(
    ~~~~~~~~~~~~~~~~^
        index,
        ^^^^^^
    ...<4 lines>...
        ['write']
        ^^^^^^^^^
    )
    ^
  File "/usr/local/lib/python3.13/dist-packages/bluezero/localGATT.py", line 236, in __init__
    self.path = f'{service_path}/char{characteristic_id:04d}'
                                     ^^^^^^^^^^^^^^^^^^^^^^^
ValueError: Unknown format code 'd' for object of type 'str'
Gate Controller V2 (Step 3 - Three Processes) initialized
  M1 travel time: 7.835115489037847s, M2 travel time: 8.557032567378949s
  M2 enabled: True
  Motor Manager PID: 4517
  Input Manager PID: 4518
  Auto-close: ENABLED (5.0s)
[STARTUP] Detected gate at CLOSED position (both motors at close limits)
[Main] Step 3: Waiting for input manager to stabilize (5 seconds)...
[Main]   This allows ADC readings to settle before safety checks
[Main] Step 4: Verifying input readings...
[Main]   ✓ Inputs stable - safety system nominal
[Main] ✓ Controller initialized and stable

[Main] Initializing BLE server...
[BLE] Initialized - Hardware ID: 98697DF6
[BLE] User ID: gatetorio-default
[Main] Starting BLE GATT server...
============================================================
Gatetorio BLE Server v1.0.0 (localGATT)
============================================================
Hardware ID: 98697DF6
User ID: gatetorio-default
[BLE] TESTING MODE: Pairing window ALWAYS OPEN
[BLE] Device will be discoverable as: Gatetorio-7DF6
============================================================
Gatetorio BLE Server - localGATT Implementation
============================================================
[BLE] Using adapter: 2C:CF:67:A4:C4:D0
[BLE] Creating GATT application...
[BLE] Adding Gate Control service (PRIMARY)...
[BLE] ERROR: Unknown format code 'd' for object of type 'str'
Exception in thread Thread-2 (_control_loop):
Traceback (most recent call last):
  File "/usr/lib/python3.13/threading.py", line 1043, in _bootstrap_inner
    self.run()
    ~~~~~~~~^^
  File "/usr/lib/python3.13/threading.py", line 994, in run
    self._target(*self._args, **self._kwargs)
    ~~~~~~~~~~~~^^^^^^^^^^^^^^^^^^^^^^^^^^^^^
  File "/home/doowkcol/Gatetorio_Code/gate_controller_v2.py", line 405, in _control_loop
    self._evaluate_commands(now)
    ~~~~~~~~~~~~~~~~~~~~~~~^^^^^
  File "/home/doowkcol/Gatetorio_Code/gate_controller_v2.py", line 762, in _evaluate_commands
    if self.shared['cmd_stop_active']:
       ~~~~~~~~~~~^^^^^^^^^^^^^^^^^^^
  File "<string>", line 2, in __getitem__
  File "/usr/lib/python3.13/multiprocessing/managers.py", line 830, in _callmethod
    conn.send((self._id, methodname, args, kwds))
    ~~~~~~~~~^^^^^^^^^^^^^^^^^^^^^^^^^^^^^^^^^^^^
  File "/usr/lib/python3.13/multiprocessing/connection.py", line 206, in send
    self._send_bytes(_ForkingPickler.dumps(obj))
    ~~~~~~~~~~~~~~~~^^^^^^^^^^^^^^^^^^^^^^^^^^^^
  File "/usr/lib/python3.13/multiprocessing/connection.py", line 427, in _send_bytes
    self._send(header + buf)
    ~~~~~~~~~~^^^^^^^^^^^^^^
  File "/usr/lib/python3.13/multiprocessing/connection.py", line 384, in _send
    n = write(self._handle, buf)
BrokenPipeError: [Errno 32] Broken pipe
Process Process-2:
