==========================================
Gatetorio Gate Controller UI
==========================================
Starting at: Tue 18 Nov 20:01:45 GMT 2025

Motor Manager initialized
Motor Manager process started
[FAULT] M2 LIMIT_MISSING: CLOSING - close limit not activated at position 0 (consecutive MOVEMENTS: 1)
[CLOSE DELAY] M1 starting immediately - M2 already at close position (-0.00s)
[FAULT] M1 LIMIT_MISSING: CLOSING - close limit not activated at position 0 (consecutive MOVEMENTS: 1)
[FAULT] M2 fault counter cleared (was 1)
[LIMIT SWITCH] M2 CLOSE limit reached - position was -0.40s (-5.1%), setting to 0.0s (0%)
[LIMIT HUNT] M2 synced to CLOSE limit
[LIMIT SWITCH] M1 CLOSE limit reached - position was -5.01s (-65.2%), setting to 0.0s (0%)
[LIMIT HUNT] M1 synced to CLOSE limit
[FAULT] M1 fault counter cleared (was 1)
[LIMIT SWITCH] M2 CLOSE limit reached - position was 0.00s (0.0%), setting to 0.0s (0%)
[FAULT] M1 LIMIT_MISSING: OPENING - open limit not activated at 7.68s (consecutive MOVEMENTS: 1)
[LIMIT SWITCH] M1 OPEN limit reached - position was 8.16s (106.4%), setting to 7.68s (100%)
[FAULT] M1 fault counter cleared (was 1)
[FAULT] M2 LIMIT_MISSING: OPENING - open limit not activated at 7.93s (consecutive MOVEMENTS: 1)
[FAULT] M2 fault counter cleared (was 1)
[LIMIT SWITCH] M2 OPEN limit reached - position was 8.30s (104.6%), setting to 7.93s (100%)
[FAULT] M2 LIMIT_MISSING: CLOSING - close limit not activated at position 0 (consecutive MOVEMENTS: 1)
Motor Manager process stopped
Input Manager: ADC1 initialized at address 0x48 (ADDR->GND)
Input Manager: ADC2 initialized at address 0x49 (ADDR->VDD)
Input Manager: 2 ADC(s) initialized successfully (8 channels available)
Input Manager initialized:
  Inputs configured: 8
  Sample rate: 0.01s (100.0Hz)
  ADC available: True
  Channels available: 8
Input Manager: Starting main loop

================================================================================
CONFIGURED INPUTS (8 total):
================================================================================
  IN1                  Ch= 0 Type=NC  Func=close_limit_m1       [ENABLED]
  IN2                  Ch= 1 Type=NO  Func=open_limit_m1        [ENABLED]
  IN3                  Ch= 2 Type=NO  Func=open_limit_m2        [ENABLED]
  IN4                  Ch= 3 Type=NC  Func=close_limit_m2       [ENABLED]
  IN5                  Ch= 4 Type=NO  Func=cmd_close            [ENABLED]
  IN6                  Ch= 5 Type=8K2 Func=cmd_open             [ENABLED]
  IN7                  Ch= 6 Type=NO  Func=None                 [ENABLED]
  IN8                  Ch= 7 Type=NO  Func=None                 [ENABLED]
================================================================================

[INPUT RAW] IN4                  func=close_limit_m2       raw=ACTIVE was=inactive V=0.00
[INPUT DEBOUNCED] IN4                  func=close_limit_m2       → ACTIVE
[INPUT RAW] IN1                  func=close_limit_m1       raw=ACTIVE was=inactive V=0.00
[INPUT DEBOUNCED] IN1                  func=close_limit_m1       → ACTIVE
[INPUT RAW] IN1                  func=close_limit_m1       raw=inactive was=ACTIVE V=3.31
[INPUT RAW] IN1                  func=close_limit_m1       raw=inactive was=ACTIVE V=3.31
[INPUT DEBOUNCED] IN1                  func=close_limit_m1       → inactive
[INPUT RAW] IN4                  func=close_limit_m2       raw=inactive was=ACTIVE V=3.31
[INPUT RAW] IN4                  func=close_limit_m2       raw=inactive was=ACTIVE V=3.31
[INPUT DEBOUNCED] IN4                  func=close_limit_m2       → inactive
[INPUT RAW] IN2                  func=open_limit_m1        raw=ACTIVE was=inactive V=3.31
[INPUT DEBOUNCED] IN2                  func=open_limit_m1        → ACTIVE
[INPUT RAW] IN3                  func=open_limit_m2        raw=ACTIVE was=inactive V=3.31
[INPUT DEBOUNCED] IN3                  func=open_limit_m2        → ACTIVE
[INPUT RAW] IN3                  func=open_limit_m2        raw=inactive was=ACTIVE V=0.00
[INPUT RAW] IN3                  func=open_limit_m2        raw=inactive was=ACTIVE V=0.00
[INPUT DEBOUNCED] IN3                  func=open_limit_m2        → inactive
[INPUT RAW] IN2                  func=open_limit_m1        raw=inactive was=ACTIVE V=0.00
[INPUT RAW] IN2                  func=open_limit_m1        raw=inactive was=ACTIVE V=0.00
[INPUT DEBOUNCED] IN2                  func=open_limit_m1        → inactive
Input Manager: Shutting down
Gate Controller V2 (Step 3 - Three Processes) initialized
  M1 travel time: 7.675265819177197s, M2 travel time: 7.931619444434647s
  M2 enabled: True
  Motor Manager PID: 3770
  Input Manager PID: 3771
  Auto-close: ENABLED (5.0s)
[STARTUP] Position UNKNOWN - motors between limits
  M1: open=False, close=False → NEEDS SYNC
  M2: open=False, close=False → NEEDS SYNC
  Commands will operate at 30% speed until both motors synced to limits
  Normal operation: OPEN/CLOSE work normally, just slower for safety
Window created
Starting auto-close timer from UNKNOWN state
Status label created
Open button created
All UI elements created
Building input displays for 8 inputs: ['IN1', 'IN2', 'IN3', 'IN4', 'IN5', 'IN6', 'IN7', 'IN8']
Creating display for IN1...
  ✓ Display created for IN1
Creating display for IN2...
  ✓ Display created for IN2
Creating display for IN3...
  ✓ Display created for IN3
Creating display for IN4...
  ✓ Display created for IN4
Creating display for IN5...
  ✓ Display created for IN5
Creating display for IN6...
  ✓ Display created for IN6
Creating display for IN7...
  ✓ Display created for IN7
Creating display for IN8...
  ✓ Display created for IN8
Total input displays created: 8
Window created
Starting mainloop
Auto-close triggered (from full OPEN) - sending momentary CLOSE pulse
Auto-close pulse from UNKNOWN - closing to locate limits

>>> CLOSE command - M1:0.0s M2:0.0s
[COMPLETION] CLOSE complete! M1: limit=True, M2: limit=True
[_complete_close] BEFORE: state=CLOSING, M1=0.00, M2=0.00
[_complete_close] AFTER: state=CLOSED, movement_command=None
Gates CLOSED
PARTIAL 1 activated!
Opening to PARTIAL_1 (50%) - M1 position START=0.00s TARGET=3.84s
M1 at PARTIAL_1 (50%), M2 CLOSED
OPEN button activated!
[COMMANDS ACTIVE] cmd_open | state=PARTIAL_1

>>> [_execute_open CALLED] M1:3.8s M2:0.0s
    Current state: PARTIAL_1, safety_reversing: False
    Flags: cmd_open=True, stop_opening_active=False
[COMMANDS ACTIVE] cmd_open | state=OPENING
OPEN button deactivated
[COMPLETION] OPEN complete! M1: limit=True, M2: limit=True
[_complete_open] BEFORE: state=OPENING, M1=7.68, M2=8.30
[_complete_open] AFTER: state=OPEN, movement_command=None
Gates OPEN
Auto-close triggered (from full OPEN) - sending momentary CLOSE pulse
Auto-close pulse - PO1 sustained, moving to PARTIAL_1
Closing from OPEN to PARTIAL_1 (50%) - M1 position START=7.68s TARGET=3.84s
M1 at PARTIAL_1 (50%), M2 CLOSED
Exit button pressed - shutting down all processes
Shutting down gate controller...
Gate controller shutdown complete
Exiting Python process
